<?xml version="1.0" encoding="UTF-8"?>
<!-- Generated by org.testng.reporters.JUnitReportReporter -->
<testsuite hostname="pradeepkumarv" name="com.sample.firstmavenproject.SampleGoogleTestCase" tests="1" failures="0" timestamp="6 Sep 2016 11:25:41 GMT" time="4.101" errors="0">
  <testcase name="verifyGooglePageTittle" time="4.101" classname="com.sample.firstmavenproject.SampleGoogleTestCase"/>
</testsuite> <!-- com.sample.firstmavenproject.SampleGoogleTestCase -->
