<?xml version="1.0" encoding="UTF-8"?>
<!-- Generated by org.testng.reporters.JUnitReportReporter -->
<testsuite hostname="pradeepkumarv" name="com.sample.firstmavenproject.AppTest" tests="1" failures="0" timestamp="2 Sep 2016 06:32:47 GMT" time="0.010" errors="0">
  <testcase name="testApp" time="0.010" classname="com.sample.firstmavenproject.AppTest"/>
</testsuite> <!-- com.sample.firstmavenproject.AppTest -->
